<?xml version="1.0" encoding="UTF-8"?>
<testng-results ignored="0" total="9" passed="9" failed="0" skipped="0">
  <reporter-output>
  </reporter-output>
  <suite started-at="2025-02-26T08:42:16 IST" name="QA Automation" finished-at="2025-02-26T08:42:26 IST" duration-ms="9821">
    <groups>
      <group name="cucumber">
        <method signature="AbstractTestNGCucumberTests.runScenario(io.cucumber.testng.PickleWrapper, io.cucumber.testng.FeatureWrapper)[pri:0, instance:qumu.runners.APIRunner@769e7ee8]" name="runScenario" class="io.cucumber.testng.AbstractTestNGCucumberTests"/>
        <method signature="AbstractTestNGCucumberTests.runScenario(io.cucumber.testng.PickleWrapper, io.cucumber.testng.FeatureWrapper)[pri:0, instance:qumu.runners.UIRunner@5c909414]" name="runScenario" class="io.cucumber.testng.AbstractTestNGCucumberTests"/>
      </group> <!-- cucumber -->
    </groups>
    <test started-at="2025-02-26T08:42:16 IST" name="APITests" finished-at="2025-02-26T08:42:24 IST" duration-ms="8192">
      <class name="qumu.runners.APIRunner">
        <test-method is-config="true" signature="setUpClass()[pri:0, instance:qumu.runners.APIRunner@769e7ee8]" started-at="2025-02-26T08:42:16 IST" name="setUpClass" finished-at="2025-02-26T08:42:17 IST" duration-ms="392" status="PASS">
          <reporter-output>
          </reporter-output>
        </test-method> <!-- setUpClass -->
        <test-method signature="runScenario(io.cucumber.testng.PickleWrapper, io.cucumber.testng.FeatureWrapper)[pri:0, instance:qumu.runners.APIRunner@769e7ee8]" started-at="2025-02-26T08:42:17 IST" name="runScenario" description="Runs Cucumber Scenarios" data-provider="scenarios" finished-at="2025-02-26T08:42:19 IST" duration-ms="2206" status="PASS">
          <params>
            <param index="0">
              <value>
                <![CDATA["Should see LIST USERS of all existing users"]]>
              </value>
            </param>
            <param index="1">
              <value>
                <![CDATA["Optional[API test]"]]>
              </value>
            </param>
          </params>
          <reporter-output>
          </reporter-output>
        </test-method> <!-- runScenario -->
        <test-method signature="runScenario(io.cucumber.testng.PickleWrapper, io.cucumber.testng.FeatureWrapper)[pri:0, instance:qumu.runners.APIRunner@769e7ee8]" started-at="2025-02-26T08:42:19 IST" name="runScenario" description="Runs Cucumber Scenarios" data-provider="scenarios" finished-at="2025-02-26T08:42:19 IST" duration-ms="106" status="PASS">
          <params>
            <param index="0">
              <value>
                <![CDATA["Should see SINGLE USER data"]]>
              </value>
            </param>
            <param index="1">
              <value>
                <![CDATA["Optional[API test]"]]>
              </value>
            </param>
          </params>
          <reporter-output>
          </reporter-output>
        </test-method> <!-- runScenario -->
        <test-method signature="runScenario(io.cucumber.testng.PickleWrapper, io.cucumber.testng.FeatureWrapper)[pri:0, instance:qumu.runners.APIRunner@769e7ee8]" started-at="2025-02-26T08:42:19 IST" name="runScenario" description="Runs Cucumber Scenarios" data-provider="scenarios" finished-at="2025-02-26T08:42:19 IST" duration-ms="371" status="PASS">
          <params>
            <param index="0">
              <value>
                <![CDATA["Should see SINGLE USER NOT FOUND error code"]]>
              </value>
            </param>
            <param index="1">
              <value>
                <![CDATA["Optional[API test]"]]>
              </value>
            </param>
          </params>
          <reporter-output>
          </reporter-output>
        </test-method> <!-- runScenario -->
        <test-method signature="runScenario(io.cucumber.testng.PickleWrapper, io.cucumber.testng.FeatureWrapper)[pri:0, instance:qumu.runners.APIRunner@769e7ee8]" started-at="2025-02-26T08:42:19 IST" name="runScenario" description="Runs Cucumber Scenarios" data-provider="scenarios" finished-at="2025-02-26T08:42:20 IST" duration-ms="424" status="PASS">
          <params>
            <param index="0">
              <value>
                <![CDATA["CREATE a user"]]>
              </value>
            </param>
            <param index="1">
              <value>
                <![CDATA["Optional[API test]"]]>
              </value>
            </param>
          </params>
          <reporter-output>
          </reporter-output>
        </test-method> <!-- runScenario -->
        <test-method signature="runScenario(io.cucumber.testng.PickleWrapper, io.cucumber.testng.FeatureWrapper)[pri:0, instance:qumu.runners.APIRunner@769e7ee8]" started-at="2025-02-26T08:42:20 IST" name="runScenario" description="Runs Cucumber Scenarios" data-provider="scenarios" finished-at="2025-02-26T08:42:20 IST" duration-ms="437" status="PASS">
          <params>
            <param index="0">
              <value>
                <![CDATA["CREATE a user"]]>
              </value>
            </param>
            <param index="1">
              <value>
                <![CDATA["Optional[API test]"]]>
              </value>
            </param>
          </params>
          <reporter-output>
          </reporter-output>
        </test-method> <!-- runScenario -->
        <test-method signature="runScenario(io.cucumber.testng.PickleWrapper, io.cucumber.testng.FeatureWrapper)[pri:0, instance:qumu.runners.APIRunner@769e7ee8]" started-at="2025-02-26T08:42:20 IST" name="runScenario" description="Runs Cucumber Scenarios" data-provider="scenarios" finished-at="2025-02-26T08:42:21 IST" duration-ms="369" status="PASS">
          <params>
            <param index="0">
              <value>
                <![CDATA["LOGIN - SUCCESSFUL by a user"]]>
              </value>
            </param>
            <param index="1">
              <value>
                <![CDATA["Optional[API test]"]]>
              </value>
            </param>
          </params>
          <reporter-output>
          </reporter-output>
        </test-method> <!-- runScenario -->
        <test-method signature="runScenario(io.cucumber.testng.PickleWrapper, io.cucumber.testng.FeatureWrapper)[pri:0, instance:qumu.runners.APIRunner@769e7ee8]" started-at="2025-02-26T08:42:21 IST" name="runScenario" description="Runs Cucumber Scenarios" data-provider="scenarios" finished-at="2025-02-26T08:42:21 IST" duration-ms="382" status="PASS">
          <params>
            <param index="0">
              <value>
                <![CDATA["LOGIN - UNSUCCESSFUL by a user"]]>
              </value>
            </param>
            <param index="1">
              <value>
                <![CDATA["Optional[API test]"]]>
              </value>
            </param>
          </params>
          <reporter-output>
          </reporter-output>
        </test-method> <!-- runScenario -->
        <test-method signature="runScenario(io.cucumber.testng.PickleWrapper, io.cucumber.testng.FeatureWrapper)[pri:0, instance:qumu.runners.APIRunner@769e7ee8]" started-at="2025-02-26T08:42:21 IST" name="runScenario" description="Runs Cucumber Scenarios" data-provider="scenarios" finished-at="2025-02-26T08:42:24 IST" duration-ms="3359" status="PASS">
          <params>
            <param index="0">
              <value>
                <![CDATA["Should see the list of users with DELAYED RESPONSE"]]>
              </value>
            </param>
            <param index="1">
              <value>
                <![CDATA["Optional[API test]"]]>
              </value>
            </param>
          </params>
          <reporter-output>
          </reporter-output>
        </test-method> <!-- runScenario -->
        <test-method is-config="true" signature="tearDownClass()[pri:0, instance:qumu.runners.APIRunner@769e7ee8]" started-at="2025-02-26T08:42:24 IST" name="tearDownClass" finished-at="2025-02-26T08:42:24 IST" duration-ms="114" status="PASS">
          <reporter-output>
          </reporter-output>
        </test-method> <!-- tearDownClass -->
      </class> <!-- qumu.runners.APIRunner -->
    </test> <!-- APITests -->
    <test started-at="2025-02-26T08:42:16 IST" name="UITests" finished-at="2025-02-26T08:42:26 IST" duration-ms="9821">
      <class name="qumu.runners.UIRunner">
        <test-method is-config="true" signature="setUpClass()[pri:0, instance:qumu.runners.UIRunner@5c909414]" started-at="2025-02-26T08:42:16 IST" name="setUpClass" finished-at="2025-02-26T08:42:17 IST" duration-ms="388" status="PASS">
          <reporter-output>
          </reporter-output>
        </test-method> <!-- setUpClass -->
        <test-method signature="runScenario(io.cucumber.testng.PickleWrapper, io.cucumber.testng.FeatureWrapper)[pri:0, instance:qumu.runners.UIRunner@5c909414]" started-at="2025-02-26T08:42:17 IST" name="runScenario" description="Runs Cucumber Scenarios" data-provider="scenarios" finished-at="2025-02-26T08:42:26 IST" duration-ms="9389" status="PASS">
          <params>
            <param index="0">
              <value>
                <![CDATA["Check item total cost and tax"]]>
              </value>
            </param>
            <param index="1">
              <value>
                <![CDATA["Optional[Checkout items in the basket]"]]>
              </value>
            </param>
          </params>
          <reporter-output>
          </reporter-output>
        </test-method> <!-- runScenario -->
        <test-method is-config="true" signature="tearDownClass()[pri:0, instance:qumu.runners.UIRunner@5c909414]" started-at="2025-02-26T08:42:26 IST" name="tearDownClass" finished-at="2025-02-26T08:42:26 IST" duration-ms="20" status="PASS">
          <reporter-output>
          </reporter-output>
        </test-method> <!-- tearDownClass -->
      </class> <!-- qumu.runners.UIRunner -->
    </test> <!-- UITests -->
  </suite> <!-- QA Automation -->
</testng-results>
