<?xml version="1.0" encoding="UTF-8"?>
<testsuite xmlns:xsi="http://www.w3.org/2001/XMLSchema-instance" xsi:noNamespaceSchemaLocation="https://maven.apache.org/surefire/maven-surefire-plugin/xsd/surefire-test-report-3.0.xsd" version="3.0" name="TestSuite" time="10.346" tests="12" errors="0" skipped="0" failures="0">
  <properties>
[...]
</properties>
  <testcase name="runScenario[&quot;Should see LIST USERS of all existing users&quot;, &quot;Optional[API test]&quot;](1)" classname="qumu.runners.APIRunner" time="5.088">
    <system-out><![CDATA[
@API
Scenario: Should see LIST USERS of all existing users               &amp#27;[90m# src/test/java/qumu/features/API-Test.feature:4&amp#27;[0m

@UI


@UI
@UI
Scenario: Check item total cost and tax                           &amp#27;[90m# src/test/java/qumu/features/UI-Test.feature:4&amp#27;[0m

@UI
Scenario: Check item total cost and tax                           &amp#27;[90m# src/test/java/qumu/features/UI-Test.feature:4&amp#27;[0m
Scenario: Check item total cost and tax                           &amp#27;[90m# src/test/java/qumu/features/UI-Test.feature:4&amp#27;[0m
Scenario: Check item total cost and tax                           &amp#27;[90m# src/test/java/qumu/features/UI-Test.feature:4&amp#27;[0m

    API test run begins

  &amp#27;[32mGiven &amp#27;[0m&amp#27;[32mI am on the home page&amp#27;[0m                                     &amp#27;[90m# qumu.stepDefinitions.UIStepDefinition.i_am_on_the_home_page()&amp#27;[0m
  &amp#27;[32mGiven &amp#27;[0m&amp#27;[32mI am on the home page&amp#27;[0m                                     &amp#27;[90m# qumu.stepDefinitions.UIStepDefinition.i_am_on_the_home_page()&amp#27;[0m

    Total Users = 12


    Total Pages = 2

  &amp#27;[32mGiven &amp#27;[0m&amp#27;[32mI get the default list of users for on 1st page&amp#27;[0m             &amp#27;[90m# qumu.stepDefinitions.APIStepDefinition.i_get_the_default_list_of_users_for_on_1st_page()&amp#27;[0m

    List of Users on page 1 = 6

📸 Screenshot Taken: Checkitemtotalcostandtax_Step_20250226105443786_chrome.jpg

    List of Users on page 2 = 6

  &amp#27;[32mWhen &amp#27;[0m&amp#27;[32mI get the list of all users within every page&amp#27;[0m                &amp#27;[90m# qumu.stepDefinitions.APIStepDefinition.i_get_the_list_of_all_users_within_every_page()&amp#27;[0m

    Total Users = 12


    Total User ID's = 12

  &amp#27;[32mThen &amp#27;[0m&amp#27;[32mI should see total users count equals the number of user ids&amp#27;[0m &amp#27;[90m# qumu.stepDefinitions.APIStepDefinition.i_should_see_total_users_count_equals_the_number_of_user_ids()&amp#27;[0m

    API test run completed

]]></system-out>
    <system-err><![CDATA[Starting ChromeDriver 133.0.6943.126 (cffa127ce7b6be72885391527c15b452056a2e81-refs/branch-heads/6943@{#1570}) on port 30754
Only local connections are allowed.
Please see https://chromedriver.chromium.org/security-considerations for suggestions on keeping ChromeDriver safe.
Starting ChromeDriver 133.0.6943.126 (cffa127ce7b6beChro7m2e8Dr8i5ve3r9 1w5a2s7 cs1ta5rbt4e5d2 s0u5cc6eas2sef8u1ll-yr oenf pso/rbtr a3n0c7h5-4h.ea
ds/6943@{#1570}) on port 6568
Only local connections are allowed.
Please see https://chromedriver.chromium.org/security-cSotnsairdteriantgi oCnhsr ofmore Dsruigvgeesrt i1o3n3s. 0o.n6 9k4e3e.p1i2n6g ( cCfhfrao1m2e7ceD7br6ibveer72 8s8a5f3e.91
527c15b452056a2e81-refs/branch-heads/6943@{#1570}) on port 11939
Only local connections are allowed.
Please see https://chromedriver.chromium.org/security-considerations for suggestions on keeping ChromeDriver safe.
ChChrormoemDerDirvievre rw awsas  ssttaarrtteedd  ssuucccceessssffuulllly yo no np oprto r6t5 6181.93
9.
Starting ChromeDriver 133.0.6943.126 (cffa127ce7b6be72885391527c15b452056a2e81-refs/branch-heads/6943@{#1570}) on port 39282
Only local connections are allowed.
Please see https://chromedriver.chromium.org/security-considerations for suggestions on keeping ChromeDriver safe.
ChromeDriver was started successfully on port 39282.
Feb 26, 2025 10:54:41 AM org.openqa.selenium.remote.ProtocolHandshake createSession
INFO: Detected dialect: W3C
Feb 26, 2025 10:54:41 AM org.openqa.selenium.remote.ProtocolHandshake createSession
INFO: Detected dialect: W3C
Feb 26, 2025 10:54:42 AM org.openqa.selenium.remote.ProtocolHandshake createSession
INFO: Detected dialect: W3C
Feb 26, 2025 10:54:42 AM org.openqa.selenium.remote.ProtocolHandshake createSession
INFO: Detected dialect: W3C
]]></system-err>
  </testcase>
  <testcase name="runScenario[&quot;Should see SINGLE USER data&quot;, &quot;Optional[API test]&quot;](2)" classname="qumu.runners.APIRunner" time="0.439">
    <system-out><![CDATA[
@API
Scenario: Should see SINGLE USER data       &amp#27;[90m# src/test/java/qumu/features/API-Test.feature:9&amp#27;[0m

    API test run begins

📸 Screenshot Taken: Checkitemtotalcostandtax_Step_20250226105443905_chrome.jpg
  &amp#27;[32mGiven &amp#27;[0m&amp#27;[32mI make a search for user &amp#27;[0m&amp#27;[32m&amp#27;[1m3&amp#27;[0m          &amp#27;[90m# qumu.stepDefinitions.APIStepDefinition.i_make_a_search_for_user(int)&amp#27;[0m

    Expected User data Email: emma.wong@reqres.in


    User data Email from response: emma.wong@reqres.in

  &amp#27;[32mThen &amp#27;[0m&amp#27;[32mI should see the following user data&amp#27;[0m &amp#27;[90m# qumu.stepDefinitions.APIStepDefinition.i_should_see_the_following_user_data(io.cucumber.datatable.DataTable)&amp#27;[0m

    API test run completed

]]></system-out>
  </testcase>
  <testcase name="runScenario[&quot;Should see SINGLE USER NOT FOUND error code&quot;, &quot;Optional[API test]&quot;](3)" classname="qumu.runners.APIRunner" time="0.152">
    <system-out><![CDATA[
@API
Scenario: Should see SINGLE USER NOT FOUND error code &amp#27;[90m# src/test/java/qumu/features/API-Test.feature:15&amp#27;[0m

    API test run begins

  &amp#27;[32mGiven &amp#27;[0m&amp#27;[32mI make a search for user &amp#27;[0m&amp#27;[32m&amp#27;[1m55&amp#27;[0m                   &amp#27;[90m# qumu.stepDefinitions.APIStepDefinition.i_make_a_search_for_user(int)&amp#27;[0m

    Error code = 404

  &amp#27;[32mThen &amp#27;[0m&amp#27;[32mI receive error code &amp#27;[0m&amp#27;[32m&amp#27;[1m404&amp#27;[0m&amp#27;[32m in response&amp#27;[0m           &amp#27;[90m# qumu.stepDefinitions.APIStepDefinition.i_receive_error_code_in_response(int)&amp#27;[0m

    API test run completed

]]></system-out>
  </testcase>
  <testcase name="runScenario[&quot;CREATE a user&quot;, &quot;Optional[API test]&quot;](4)" classname="qumu.runners.APIRunner" time="0.08">
    <system-out><![CDATA[
@API
Scenario Outline: CREATE a user                          &amp#27;[90m# src/test/java/qumu/features/API-Test.feature:26&amp#27;[0m

    API test run begins

  &amp#27;[32mGiven &amp#27;[0m&amp#27;[32mI am on the home page&amp#27;[0m                                     &amp#27;[90m# qumu.stepDefinitions.UIStepDefinition.i_am_on_the_home_page()&amp#27;[0m

    Created user with name: Peter and job: Manager

  &amp#27;[32mGiven &amp#27;[0m&amp#27;[32mI create a user with following &amp#27;[0m&amp#27;[32m&amp#27;[1m"Peter"&amp#27;[0m&amp#27;[32m &amp#27;[0m&amp#27;[32m&amp#27;[1m"Manager"&amp#27;[0m &amp#27;[90m# qumu.stepDefinitions.APIStepDefinition.i_create_a_user_with_following(java.lang.String,java.lang.String)&amp#27;[0m
📸 Screenshot Taken: Checkitemtotalcostandtax_Step_20250226105444503_chrome.jpg

    Created user: Name=Peter, Job=Manager


    User ID: 391


    Created At: 2025-02-26T05:24:45.418Z

  &amp#27;[32mThen &amp#27;[0m&amp#27;[32mresponse should contain the following data&amp#27;[0m        &amp#27;[90m# qumu.stepDefinitions.APIStepDefinition.response_should_contain_the_following_data(io.cucumber.datatable.DataTable)&amp#27;[0m

    API test run completed

]]></system-out>
  </testcase>
  <testcase name="runScenario[&quot;CREATE a user&quot;, &quot;Optional[API test]&quot;](5)" classname="qumu.runners.APIRunner" time="0.036">
    <system-out><![CDATA[
@API
Scenario Outline: CREATE a user                       &amp#27;[90m# src/test/java/qumu/features/API-Test.feature:27&amp#27;[0m

    API test run begins


    Created user with name: Liza and job: Sales

  &amp#27;[32mGiven &amp#27;[0m&amp#27;[32mI create a user with following &amp#27;[0m&amp#27;[32m&amp#27;[1m"Liza"&amp#27;[0m&amp#27;[32m &amp#27;[0m&amp#27;[32m&amp#27;[1m"Sales"&amp#27;[0m &amp#27;[90m# qumu.stepDefinitions.APIStepDefinition.i_create_a_user_with_following(java.lang.String,java.lang.String)&amp#27;[0m

    Created user: Name=Liza, Job=Sales


    User ID: 32


    Created At: 2025-02-26T05:24:45.855Z

  &amp#27;[32mThen &amp#27;[0m&amp#27;[32mresponse should contain the following data&amp#27;[0m     &amp#27;[90m# qumu.stepDefinitions.APIStepDefinition.response_should_contain_the_following_data(io.cucumber.datatable.DataTable)&amp#27;[0m

    API test run completed

]]></system-out>
  </testcase>
  <testcase name="runScenario[&quot;LOGIN - SUCCESSFUL by a user&quot;, &quot;Optional[API test]&quot;](6)" classname="qumu.runners.APIRunner" time="0.096">
    <system-out><![CDATA[
@API
Scenario: LOGIN - SUCCESSFUL by a user               &amp#27;[90m# src/test/java/qumu/features/API-Test.feature:29&amp#27;[0m

    API test run begins

  &amp#27;[32mGiven &amp#27;[0m&amp#27;[32mI am on the home page&amp#27;[0m                                     &amp#27;[90m# qumu.stepDefinitions.UIStepDefinition.i_am_on_the_home_page()&amp#27;[0m
📸 Screenshot Taken: Checkitemtotalcostandtax_Step_20250226105445276_chrome.jpg
  &amp#27;[32mGiven &amp#27;[0m&amp#27;[32mI login successfully with the following data&amp#27;[0m &amp#27;[90m# qumu.stepDefinitions.APIStepDefinition.i_login_successfully_with_the_following_data(io.cucumber.datatable.DataTable)&amp#27;[0m

    Response Code 200

  &amp#27;[32mThen &amp#27;[0m&amp#27;[32mI should get a response code of &amp#27;[0m&amp#27;[32m&amp#27;[1m200&amp#27;[0m           &amp#27;[90m# qumu.stepDefinitions.APIStepDefinition.i_should_get_a_response_code_of(int)&amp#27;[0m

    API test run completed

]]></system-out>
  </testcase>
  <testcase name="runScenario[&quot;LOGIN - UNSUCCESSFUL by a user&quot;, &quot;Optional[API test]&quot;](7)" classname="qumu.runners.APIRunner" time="0.38">
    <system-out><![CDATA[
@API
Scenario: LOGIN - UNSUCCESSFUL by a user               &amp#27;[90m# src/test/java/qumu/features/API-Test.feature:35&amp#27;[0m

    API test run begins


    User Name: standard_user

  &amp#27;[32mAnd &amp#27;[0m&amp#27;[32mI login in with the following details&amp#27;[0m                       &amp#27;[90m# qumu.stepDefinitions.UIStepDefinition.i_login_with_the_following_details(io.cucumber.datatable.DataTable)&amp#27;[0m

    User Name: standard_user

  &amp#27;[32mAnd &amp#27;[0m&amp#27;[32mI login in with the following details&amp#27;[0m                       &amp#27;[90m# qumu.stepDefinitions.UIStepDefinition.i_login_with_the_following_details(io.cucumber.datatable.DataTable)&amp#27;[0m
  &amp#27;[32mGiven &amp#27;[0m&amp#27;[32mI login unsuccessfully with the following data&amp#27;[0m &amp#27;[90m# qumu.stepDefinitions.APIStepDefinition.i_login_unsuccessfully_with_the_following_data(io.cucumber.datatable.DataTable)&amp#27;[0m

    Response Code 400

  &amp#27;[32mThen &amp#27;[0m&amp#27;[32mI should get a response code of &amp#27;[0m&amp#27;[32m&amp#27;[1m400&amp#27;[0m             &amp#27;[90m# qumu.stepDefinitions.APIStepDefinition.i_should_get_a_response_code_of(int)&amp#27;[0m

    Error Message: Missing password

  &amp#27;[32mAnd &amp#27;[0m&amp#27;[32mI should see the following response message:&amp#27;[0m     &amp#27;[90m# qumu.stepDefinitions.APIStepDefinition.i_should_see_the_following_response_message(io.cucumber.datatable.DataTable)&amp#27;[0m

    API test run completed

]]></system-out>
  </testcase>
  <testcase name="runScenario[&quot;Should see the list of users with DELAYED RESPONSE&quot;, &quot;Optional[API test]&quot;](8)" classname="qumu.runners.APIRunner" time="3.309">
    <system-out><![CDATA[  &amp#27;[32mGiven &amp#27;[0m&amp#27;[32mI wait for the user list to load&amp#27;[0m                     &amp#27;[90m# qumu.stepDefinitions.APIStepDefinition.i_wait_for_the_user_list_to_load()&amp#27;[0m

    Original List of User IDs: [1, 2, 3, 4, 5, 6]


    Unique Set of User IDs: [1, 2, 3, 4, 5, 6]

  &amp#27;[32mThen &amp#27;[0m&amp#27;[32mI should see that every user has a unique id&amp#27;[0m          &amp#27;[90m# qumu.stepDefinitions.APIStepDefinition.i_should_see_that_every_user_has_a_unique_id()&amp#27;[0m

    API test run completed

]]></system-out>
    <system-err><![CDATA[&amp#27;[32m&amp#27;[1m┌───────────────────────────────────────────────────────────────────────────────────┐&amp#27;[0m
&amp#27;[32m&amp#27;[1m│&amp#27;[0m Share your Cucumber Report with your team at &amp#27;[36m&amp#27;[1m&amp#27;[4mhttps://reports.cucumber.io&amp#27;[0m          &amp#27;[32m&amp#27;[1m│&amp#27;[0m
&amp#27;[32m&amp#27;[1m│&amp#27;[0m Activate publishing with one of the following:                                    &amp#27;[32m&amp#27;[1m│&amp#27;[0m
&amp#27;[32m&amp#27;[1m│&amp#27;[0m                                                                                   &amp#27;[32m&amp#27;[1m│&amp#27;[0m
&amp#27;[32m&amp#27;[1m│&amp#27;[0m src/test/resources/cucumber.properties:          &amp#27;[36mcucumber.publish.enabled&amp#27;[0m=&amp#27;[36mtrue&amp#27;[0m    &amp#27;[32m&amp#27;[1m│&amp#27;[0m
&amp#27;[32m&amp#27;[1m│&amp#27;[0m src/test/resources/junit-platform.properties:    &amp#27;[36mcucumber.publish.enabled&amp#27;[0m=&amp#27;[36mtrue&amp#27;[0m    &amp#27;[32m&amp#27;[1m│&amp#27;[0m
&amp#27;[32m&amp#27;[1m│&amp#27;[0m Environment variable:                            &amp#27;[36mCUCUMBER_PUBLISH_ENABLED&amp#27;[0m=&amp#27;[36mtrue&amp#27;[0m    &amp#27;[32m&amp#27;[1m│&amp#27;[0m
&amp#27;[32m&amp#27;[1m│&amp#27;[0m JUnit:                                           &amp#27;[36m@CucumberOptions&amp#27;[0m(publish = &amp#27;[36mtrue&amp#27;[0m) &amp#27;[32m&amp#27;[1m│&amp#27;[0m
&amp#27;[32m&amp#27;[1m│&amp#27;[0m                                                                                   &amp#27;[32m&amp#27;[1m│&amp#27;[0m
&amp#27;[32m&amp#27;[1m│&amp#27;[0m More information at &amp#27;[36mhttps://cucumber.io/docs/cucumber/environment-variables/&amp#27;[0m      &amp#27;[32m&amp#27;[1m│&amp#27;[0m
&amp#27;[32m&amp#27;[1m│&amp#27;[0m                                                                                   &amp#27;[32m&amp#27;[1m│&amp#27;[0m
&amp#27;[32m&amp#27;[1m│&amp#27;[0m Disable this message with one of the following:                                   &amp#27;[32m&amp#27;[1m│&amp#27;[0m
&amp#27;[32m&amp#27;[1m│&amp#27;[0m                                                                                   &amp#27;[32m&amp#27;[1m│&amp#27;[0m
&amp#27;[32m&amp#27;[1m│&amp#27;[0m src/test/resources/cucumber.properties:          &amp#27;[36mcucumber.publish.quiet&amp#27;[0m=&amp#27;[36mtrue&amp#27;[0m      &amp#27;[32m&amp#27;[1m│&amp#27;[0m
&amp#27;[32m&amp#27;[1m│&amp#27;[0m src/test/resources/junit-platform.properties:    &amp#27;[36mcucumber.publish.quiet&amp#27;[0m=&amp#27;[36mtrue&amp#27;[0m      &amp#27;[32m&amp#27;[1m│&amp#27;[0m
&amp#27;[32m&amp#27;[1m└───────────────────────────────────────────────────────────────────────────────────┘&amp#27;[0m
]]></system-err>
  </testcase>
  <testcase name="runScenario[&quot;Check item total cost and tax&quot;, &quot;Optional[Checkout items in the basket]&quot;](1)" classname="qumu.runners.UIRunner" time="2.014">
    <system-out><![CDATA[
@API
Scenario: Should see the list of users with DELAYED RESPONSE &amp#27;[90m# src/test/java/qumu/features/API-Test.feature:44&amp#27;[0m

    API test run begins


    User Name: standard_user

  &amp#27;[32mAnd &amp#27;[0m&amp#27;[32mI login in with the following details&amp#27;[0m                       &amp#27;[90m# qumu.stepDefinitions.UIStepDefinition.i_login_with_the_following_details(io.cucumber.datatable.DataTable)&amp#27;[0m

    User Name: standard_user

  &amp#27;[32mAnd &amp#27;[0m&amp#27;[32mI login in with the following details&amp#27;[0m                       &amp#27;[90m# qumu.stepDefinitions.UIStepDefinition.i_login_with_the_following_details(io.cucumber.datatable.DataTable)&amp#27;[0m
  &amp#27;[32mAnd &amp#27;[0m&amp#27;[32mI add the following items to the basket&amp#27;[0m                     &amp#27;[90m# qumu.stepDefinitions.UIStepDefinition.i_add_the_following_items_to_the_basket(io.cucumber.datatable.DataTable)&amp#27;[0m
  &amp#27;[32mAnd &amp#27;[0m&amp#27;[32mI add the following items to the basket&amp#27;[0m                     &amp#27;[90m# qumu.stepDefinitions.UIStepDefinition.i_add_the_following_items_to_the_basket(io.cucumber.datatable.DataTable)&amp#27;[0m
  &amp#27;[32mAnd &amp#27;[0m&amp#27;[32mI should see &amp#27;[0m&amp#27;[32m&amp#27;[1m4&amp#27;[0m&amp#27;[32m items added to the shopping cart&amp#27;[0m             &amp#27;[90m# qumu.stepDefinitions.UIStepDefinition.i_should_see_items_added_to_the_shopping_cart(int)&amp#27;[0m
  &amp#27;[32mAnd &amp#27;[0m&amp#27;[32mI should see &amp#27;[0m&amp#27;[32m&amp#27;[1m4&amp#27;[0m&amp#27;[32m items added to the shopping cart&amp#27;[0m             &amp#27;[90m# qumu.stepDefinitions.UIStepDefinition.i_should_see_items_added_to_the_shopping_cart(int)&amp#27;[0m
  &amp#27;[32mAnd &amp#27;[0m&amp#27;[32mI add the following items to the basket&amp#27;[0m                     &amp#27;[90m# qumu.stepDefinitions.UIStepDefinition.i_add_the_following_items_to_the_basket(io.cucumber.datatable.DataTable)&amp#27;[0m
  &amp#27;[32mAnd &amp#27;[0m&amp#27;[32mI should see &amp#27;[0m&amp#27;[32m&amp#27;[1m4&amp#27;[0m&amp#27;[32m items added to the shopping cart&amp#27;[0m             &amp#27;[90m# qumu.stepDefinitions.UIStepDefinition.i_should_see_items_added_to_the_shopping_cart(int)&amp#27;[0m
  &amp#27;[32mAnd &amp#27;[0m&amp#27;[32mI click on the shopping cart&amp#27;[0m                                &amp#27;[90m# qumu.stepDefinitions.UIStepDefinition.i_click_on_the_shopping_cart()&amp#27;[0m
  &amp#27;[32mAnd &amp#27;[0m&amp#27;[32mI click on the shopping cart&amp#27;[0m                                &amp#27;[90m# qumu.stepDefinitions.UIStepDefinition.i_click_on_the_shopping_cart()&amp#27;[0m
  &amp#27;[32mAnd &amp#27;[0m&amp#27;[32mI verify that the QTY count for each item should be &amp#27;[0m&amp#27;[32m&amp#27;[1m1&amp#27;[0m       &amp#27;[90m# qumu.stepDefinitions.UIStepDefinition.i_verify_that_the_qty_count_for_each_item_should_be(int)&amp#27;[0m
  &amp#27;[32mAnd &amp#27;[0m&amp#27;[32mI verify that the QTY count for each item should be &amp#27;[0m&amp#27;[32m&amp#27;[1m1&amp#27;[0m       &amp#27;[90m# qumu.stepDefinitions.UIStepDefinition.i_verify_that_the_qty_count_for_each_item_should_be(int)&amp#27;[0m
  &amp#27;[32mAnd &amp#27;[0m&amp#27;[32mI click on the shopping cart&amp#27;[0m                                &amp#27;[90m# qumu.stepDefinitions.UIStepDefinition.i_click_on_the_shopping_cart()&amp#27;[0m
  &amp#27;[32mAnd &amp#27;[0m&amp#27;[32mI verify that the QTY count for each item should be &amp#27;[0m&amp#27;[32m&amp#27;[1m1&amp#27;[0m       &amp#27;[90m# qumu.stepDefinitions.UIStepDefinition.i_verify_that_the_qty_count_for_each_item_should_be(int)&amp#27;[0m
  &amp#27;[32mAnd &amp#27;[0m&amp#27;[32mI remove the following item:&amp#27;[0m                                &amp#27;[90m# qumu.stepDefinitions.UIStepDefinition.i_remove_the_following_item(io.cucumber.datatable.DataTable)&amp#27;[0m
  &amp#27;[32mAnd &amp#27;[0m&amp#27;[32mI remove the following item:&amp#27;[0m                                &amp#27;[90m# qumu.stepDefinitions.UIStepDefinition.i_remove_the_following_item(io.cucumber.datatable.DataTable)&amp#27;[0m
  &amp#27;[32mAnd &amp#27;[0m&amp#27;[32mI should see &amp#27;[0m&amp#27;[32m&amp#27;[1m3&amp#27;[0m&amp#27;[32m items added to the shopping cart&amp#27;[0m             &amp#27;[90m# qumu.stepDefinitions.UIStepDefinition.i_should_see_items_added_to_the_shopping_cart(int)&amp#27;[0m
  &amp#27;[32mAnd &amp#27;[0m&amp#27;[32mI should see &amp#27;[0m&amp#27;[32m&amp#27;[1m3&amp#27;[0m&amp#27;[32m items added to the shopping cart&amp#27;[0m             &amp#27;[90m# qumu.stepDefinitions.UIStepDefinition.i_should_see_items_added_to_the_shopping_cart(int)&amp#27;[0m
  &amp#27;[32mAnd &amp#27;[0m&amp#27;[32mI add the following items to the basket&amp#27;[0m                     &amp#27;[90m# qumu.stepDefinitions.UIStepDefinition.i_add_the_following_items_to_the_basket(io.cucumber.datatable.DataTable)&amp#27;[0m
  &amp#27;[32mAnd &amp#27;[0m&amp#27;[32mI should see &amp#27;[0m&amp#27;[32m&amp#27;[1m4&amp#27;[0m&amp#27;[32m items added to the shopping cart&amp#27;[0m             &amp#27;[90m# qumu.stepDefinitions.UIStepDefinition.i_should_see_items_added_to_the_shopping_cart(int)&amp#27;[0m
  &amp#27;[32mAnd &amp#27;[0m&amp#27;[32mI remove the following item:&amp#27;[0m                                &amp#27;[90m# qumu.stepDefinitions.UIStepDefinition.i_remove_the_following_item(io.cucumber.datatable.DataTable)&amp#27;[0m
  &amp#27;[32mAnd &amp#27;[0m&amp#27;[32mI should see &amp#27;[0m&amp#27;[32m&amp#27;[1m3&amp#27;[0m&amp#27;[32m items added to the shopping cart&amp#27;[0m             &amp#27;[90m# qumu.stepDefinitions.UIStepDefinition.i_should_see_items_added_to_the_shopping_cart(int)&amp#27;[0m
  &amp#27;[32mAnd &amp#27;[0m&amp#27;[32mI click on the CHECKOUT button&amp#27;[0m                              &amp#27;[90m# qumu.stepDefinitions.UIStepDefinition.i_click_on_the_checkout_button()&amp#27;[0m
  &amp#27;[32mAnd &amp#27;[0m&amp#27;[32mI click on the shopping cart&amp#27;[0m                                &amp#27;[90m# qumu.stepDefinitions.UIStepDefinition.i_click_on_the_shopping_cart()&amp#27;[0m
  &amp#27;[32mAnd &amp#27;[0m&amp#27;[32mI click on the CHECKOUT button&amp#27;[0m                              &amp#27;[90m# qumu.stepDefinitions.UIStepDefinition.i_click_on_the_checkout_button()&amp#27;[0m
  &amp#27;[32mAnd &amp#27;[0m&amp#27;[32mI verify that the QTY count for each item should be &amp#27;[0m&amp#27;[32m&amp#27;[1m1&amp#27;[0m       &amp#27;[90m# qumu.stepDefinitions.UIStepDefinition.i_verify_that_the_qty_count_for_each_item_should_be(int)&amp#27;[0m
  &amp#27;[32mAnd &amp#27;[0m&amp#27;[32mI type &amp#27;[0m&amp#27;[32m&amp#27;[1m"FirstName"&amp#27;[0m&amp#27;[32m for First Name&amp#27;[0m                           &amp#27;[90m# qumu.stepDefinitions.UIStepDefinition.i_type_for_first_name(java.lang.String)&amp#27;[0m
  &amp#27;[32mAnd &amp#27;[0m&amp#27;[32mI click on the CHECKOUT button&amp#27;[0m                              &amp#27;[90m# qumu.stepDefinitions.UIStepDefinition.i_click_on_the_checkout_button()&amp#27;[0m
  &amp#27;[32mAnd &amp#27;[0m&amp#27;[32mI remove the following item:&amp#27;[0m                                &amp#27;[90m# qumu.stepDefinitions.UIStepDefinition.i_remove_the_following_item(io.cucumber.datatable.DataTable)&amp#27;[0m
  &amp#27;[32mAnd &amp#27;[0m&amp#27;[32mI should see &amp#27;[0m&amp#27;[32m&amp#27;[1m3&amp#27;[0m&amp#27;[32m items added to the shopping cart&amp#27;[0m             &amp#27;[90m# qumu.stepDefinitions.UIStepDefinition.i_should_see_items_added_to_the_shopping_cart(int)&amp#27;[0m
  &amp#27;[32mAnd &amp#27;[0m&amp#27;[32mI type &amp#27;[0m&amp#27;[32m&amp#27;[1m"FirstName"&amp#27;[0m&amp#27;[32m for First Name&amp#27;[0m                           &amp#27;[90m# qumu.stepDefinitions.UIStepDefinition.i_type_for_first_name(java.lang.String)&amp#27;[0m
  &amp#27;[32mAnd &amp#27;[0m&amp#27;[32mI type &amp#27;[0m&amp#27;[32m&amp#27;[1m"LastName"&amp#27;[0m&amp#27;[32m for Last Name&amp#27;[0m                             &amp#27;[90m# qumu.stepDefinitions.UIStepDefinition.i_type_for_last_name(java.lang.String)&amp#27;[0m
  &amp#27;[32mAnd &amp#27;[0m&amp#27;[32mI type &amp#27;[0m&amp#27;[32m&amp#27;[1m"FirstName"&amp#27;[0m&amp#27;[32m for First Name&amp#27;[0m                           &amp#27;[90m# qumu.stepDefinitions.UIStepDefinition.i_type_for_first_name(java.lang.String)&amp#27;[0m
  &amp#27;[32mAnd &amp#27;[0m&amp#27;[32mI click on the CHECKOUT button&amp#27;[0m                              &amp#27;[90m# qumu.stepDefinitions.UIStepDefinition.i_click_on_the_checkout_button()&amp#27;[0m
  &amp#27;[32mAnd &amp#27;[0m&amp#27;[32mI type &amp#27;[0m&amp#27;[32m&amp#27;[1m"LastName"&amp#27;[0m&amp#27;[32m for Last Name&amp#27;[0m                             &amp#27;[90m# qumu.stepDefinitions.UIStepDefinition.i_type_for_last_name(java.lang.String)&amp#27;[0m
  &amp#27;[32mAnd &amp#27;[0m&amp#27;[32mI type &amp#27;[0m&amp#27;[32m&amp#27;[1m"EC1A 9JU"&amp#27;[0m&amp#27;[32m for ZIP/Postal Code&amp#27;[0m                       &amp#27;[90m# qumu.stepDefinitions.UIStepDefinition.i_type_for_zip_postal_code(java.lang.String)&amp#27;[0m
  &amp#27;[32mAnd &amp#27;[0m&amp#27;[32mI type &amp#27;[0m&amp#27;[32m&amp#27;[1m"LastName"&amp#27;[0m&amp#27;[32m for Last Name&amp#27;[0m                             &amp#27;[90m# qumu.stepDefinitions.UIStepDefinition.i_type_for_last_name(java.lang.String)&amp#27;[0m
  &amp#27;[32mAnd &amp#27;[0m&amp#27;[32mI type &amp#27;[0m&amp#27;[32m&amp#27;[1m"FirstName"&amp#27;[0m&amp#27;[32m for First Name&amp#27;[0m                           &amp#27;[90m# qumu.stepDefinitions.UIStepDefinition.i_type_for_first_name(java.lang.String)&amp#27;[0m
  &amp#27;[32mAnd &amp#27;[0m&amp#27;[32mI type &amp#27;[0m&amp#27;[32m&amp#27;[1m"EC1A 9JU"&amp#27;[0m&amp#27;[32m for ZIP/Postal Code&amp#27;[0m                       &amp#27;[90m# qumu.stepDefinitions.UIStepDefinition.i_type_for_zip_postal_code(java.lang.String)&amp#27;[0m
  &amp#27;[32mWhen &amp#27;[0m&amp#27;[32mI click on the CONTINUE button&amp#27;[0m                             &amp#27;[90m# qumu.stepDefinitions.UIStepDefinition.i_click_on_the_continue_button()&amp#27;[0m
  &amp#27;[32mAnd &amp#27;[0m&amp#27;[32mI type &amp#27;[0m&amp#27;[32m&amp#27;[1m"LastName"&amp#27;[0m&amp#27;[32m for Last Name&amp#27;[0m                             &amp#27;[90m# qumu.stepDefinitions.UIStepDefinition.i_type_for_last_name(java.lang.String)&amp#27;[0m
  &amp#27;[32mAnd &amp#27;[0m&amp#27;[32mI type &amp#27;[0m&amp#27;[32m&amp#27;[1m"EC1A 9JU"&amp#27;[0m&amp#27;[32m for ZIP/Postal Code&amp#27;[0m                       &amp#27;[90m# qumu.stepDefinitions.UIStepDefinition.i_type_for_zip_postal_code(java.lang.String)&amp#27;[0m
  &amp#27;[32mWhen &amp#27;[0m&amp#27;[32mI click on the CONTINUE button&amp#27;[0m                             &amp#27;[90m# qumu.stepDefinitions.UIStepDefinition.i_click_on_the_continue_button()&amp#27;[0m
  &amp#27;[32mThen &amp#27;[0m&amp#27;[32mItem total will be equal to the total of items on the list&amp#27;[0m &amp#27;[90m# qumu.stepDefinitions.UIStepDefinition.item_total_will_be_equal_to_the_total_of_items_on_the_list()&amp#27;[0m
  &amp#27;[32mThen &amp#27;[0m&amp#27;[32mItem total will be equal to the total of items on the list&amp#27;[0m &amp#27;[90m# qumu.stepDefinitions.UIStepDefinition.item_total_will_be_equal_to_the_total_of_items_on_the_list()&amp#27;[0m
  &amp#27;[32mAnd &amp#27;[0m&amp#27;[32mI type &amp#27;[0m&amp#27;[32m&amp#27;[1m"EC1A 9JU"&amp#27;[0m&amp#27;[32m for ZIP/Postal Code&amp#27;[0m                       &amp#27;[90m# qumu.stepDefinitions.UIStepDefinition.i_type_for_zip_postal_code(java.lang.String)&amp#27;[0m
  &amp#27;[32mAnd &amp#27;[0m&amp#27;[32ma Tax rate of &amp#27;[0m&amp#27;[32m&amp#27;[1m8&amp#27;[0m&amp#27;[32m % is applied to the total&amp#27;[0m                   &amp#27;[90m# qumu.stepDefinitions.UIStepDefinition.a_tax_rate_is_applied_to_the_total(double)&amp#27;[0m
  &amp#27;[32mAnd &amp#27;[0m&amp#27;[32ma Tax rate of &amp#27;[0m&amp#27;[32m&amp#27;[1m8&amp#27;[0m&amp#27;[32m % is applied to the total&amp#27;[0m                   &amp#27;[90m# qumu.stepDefinitions.UIStepDefinition.a_tax_rate_is_applied_to_the_total(double)&amp#27;[0m
  &amp#27;[32mWhen &amp#27;[0m&amp#27;[32mI click on the CONTINUE button&amp#27;[0m                             &amp#27;[90m# qumu.stepDefinitions.UIStepDefinition.i_click_on_the_continue_button()&amp#27;[0m
  &amp#27;[32mThen &amp#27;[0m&amp#27;[32mItem total will be equal to the total of items on the list&amp#27;[0m &amp#27;[90m# qumu.stepDefinitions.UIStepDefinition.item_total_will_be_equal_to_the_total_of_items_on_the_list()&amp#27;[0m
  &amp#27;[32mWhen &amp#27;[0m&amp#27;[32mI click on the CONTINUE button&amp#27;[0m                             &amp#27;[90m# qumu.stepDefinitions.UIStepDefinition.i_click_on_the_continue_button()&amp#27;[0m
  &amp#27;[32mAnd &amp#27;[0m&amp#27;[32ma Tax rate of &amp#27;[0m&amp#27;[32m&amp#27;[1m8&amp#27;[0m&amp#27;[32m % is applied to the total&amp#27;[0m                   &amp#27;[90m# qumu.stepDefinitions.UIStepDefinition.a_tax_rate_is_applied_to_the_total(double)&amp#27;[0m
  &amp#27;[32mThen &amp#27;[0m&amp#27;[32mItem total will be equal to the total of items on the list&amp#27;[0m &amp#27;[90m# qumu.stepDefinitions.UIStepDefinition.item_total_will_be_equal_to_the_total_of_items_on_the_list()&amp#27;[0m
  &amp#27;[32mAnd &amp#27;[0m&amp#27;[32ma Tax rate of &amp#27;[0m&amp#27;[32m&amp#27;[1m8&amp#27;[0m&amp#27;[32m % is applied to the total&amp#27;[0m                   &amp#27;[90m# qumu.stepDefinitions.UIStepDefinition.a_tax_rate_is_applied_to_the_total(double)&amp#27;[0m
]]></system-out>
  </testcase>
  <testcase name="runScenario[&quot;Check item total cost and tax&quot;, &quot;Optional[Checkout items in the basket]&quot;](1)" classname="qumu.runners.UIRunner" time="2.062"/>
  <testcase name="runScenario[&quot;Check item total cost and tax&quot;, &quot;Optional[Checkout items in the basket]&quot;](1)" classname="qumu.runners.UIRunner" time="2.188">
    <system-err><![CDATA[&amp#27;[32m&amp#27;[1m┌───────────────────────────────────────────────────────────────────────────────────┐&amp#27;[0m
&amp#27;[32m&amp#27;[1m│&amp#27;[0m Share your Cucumber Report with your team at &amp#27;[36m&amp#27;[1m&amp#27;[4mhttps://reports.cucumber.io&amp#27;[0m          &amp#27;[32m&amp#27;[1m│&amp#27;[0m
&amp#27;[32m&amp#27;[1m│&amp#27;[0m Activate publishing with one of the following:                                    &amp#27;[32m&amp#27;[1m│&amp#27;[0m
&amp#27;[32m&amp#27;[1m│&amp#27;[0m                                                                                   &amp#27;[32m&amp#27;[1m│&amp#27;[0m
&amp#27;[32m&amp#27;[1m│&amp#27;[0m src/test/resources/cucumber.properties:          &amp#27;[36mcucumber.publish.enabled&amp#27;[0m=&amp#27;[36mtrue&amp#27;[0m    &amp#27;[32m&amp#27;[1m│&amp#27;[0m
&amp#27;[32m&amp#27;[1m│&amp#27;[0m src/test/resources/junit-platform.properties:    &amp#27;[36mcucumber.publish.enabled&amp#27;[0m=&amp#27;[36mtrue&amp#27;[0m    &amp#27;[32m&amp#27;[1m│&amp#27;[0m
&amp#27;[32m&amp#27;[1m│&amp#27;[0m Environment variable:                            &amp#27;[36mCUCUMBER_PUBLISH_ENABLED&amp#27;[0m=&amp#27;[36mtrue&amp#27;[0m    &amp#27;[32m&amp#27;[1m│&amp#27;[0m
&amp#27;[32m&amp#27;[1m│&amp#27;[0m JUnit:                                           &amp#27;[36m@CucumberOptions&amp#27;[0m(publish = &amp#27;[36mtrue&amp#27;[0m) &amp#27;[32m&amp#27;[1m│&amp#27;[0m
&amp#27;[32m&amp#27;[1m│&amp#27;[0m                                                                                   &amp#27;[32m&amp#27;[1m│&amp#27;[0m
&amp#27;[32m&amp#27;[1m│&amp#27;[0m More information at &amp#27;[36mhttps://cucumber.io/docs/cucumber/environment-variables/&amp#27;[0m      &amp#27;[32m&amp#27;[1m│&amp#27;[0m
&amp#27;[32m&amp#27;[1m│&amp#27;[0m                                                                                   &amp#27;[32m&amp#27;[1m│&amp#27;[0m
&amp#27;[32m&amp#27;[1m│&amp#27;[0m Disable this message with one of the following:                                   &amp#27;[32m&amp#27;[1m│&amp#27;[0m
&amp#27;[32m&amp#27;[1m│&amp#27;[0m                                                                                   &amp#27;[32m&amp#27;[1m│&amp#27;[0m
&amp#27;[32m&amp#27;[1m│&amp#27;[0m src/test/resources/cucumber.properties:          &amp#27;[36mcucumber.publish.quiet&amp#27;[0m=&amp#27;[36mtrue&amp#27;[0m      &amp#27;[32m&amp#27;[1m│&amp#27;[0m
&amp#27;[32m&amp#27;[1m│&amp#27;[0m src/test/resources/junit-platform.properties:    &amp#27;[36mcucumber.publish.quiet&amp#27;[0m=&amp#27;[36mtrue&amp#27;[0m      &amp#27;[32m&amp#27;[1m│&amp#27;[0m
&amp#27;[32m&amp#27;[1m└───────────────────────────────────────────────────────────────────────────────────┘&amp#27;[0m
&amp#27;[32m&amp#27;[1m┌───────────────────────────────────────────────────────────────────────────────────┐&amp#27;[0m
&amp#27;[32m&amp#27;[1m│&amp#27;[0m Share your Cucumber Report with your team at &amp#27;[36m&amp#27;[1m&amp#27;[4mhttps://reports.cucumber.io&amp#27;[0m          &amp#27;[32m&amp#27;[1m│&amp#27;[0m
&amp#27;[32m&amp#27;[1m│&amp#27;[0m Activate publishing with one of the following:                                    &amp#27;[32m&amp#27;[1m│&amp#27;[0m
&amp#27;[32m&amp#27;[1m│&amp#27;[0m                                                                                   &amp#27;[32m&amp#27;[1m│&amp#27;[0m
&amp#27;[32m&amp#27;[1m│&amp#27;[0m src/test/resources/cucumber.properties:          &amp#27;[36mcucumber.publish.enabled&amp#27;[0m=&amp#27;[36mtrue&amp#27;[0m    &amp#27;[32m&amp#27;[1m│&amp#27;[0m
&amp#27;[32m&amp#27;[1m│&amp#27;[0m src/test/resources/junit-platform.properties:    &amp#27;[36mcucumber.publish.enabled&amp#27;[0m=&amp#27;[36mtrue&amp#27;[0m    &amp#27;[32m&amp#27;[1m│&amp#27;[0m
&amp#27;[32m&amp#27;[1m│&amp#27;[0m Environment variable:                            &amp#27;[36mCUCUMBER_PUBLISH_ENABLED&amp#27;[0m=&amp#27;[36mtrue&amp#27;[0m    &amp#27;[32m&amp#27;[1m│&amp#27;[0m
&amp#27;[32m&amp#27;[1m│&amp#27;[0m JUnit:                                           &amp#27;[36m@CucumberOptions&amp#27;[0m(publish = &amp#27;[36mtrue&amp#27;[0m) &amp#27;[32m&amp#27;[1m│&amp#27;[0m
&amp#27;[32m&amp#27;[1m│&amp#27;[0m                                                                                   &amp#27;[32m&amp#27;[1m│&amp#27;[0m
&amp#27;[32m&amp#27;[1m│&amp#27;[0m More information at &amp#27;[36mhttps://cucumber.io/docs/cucumber/environment-variables/&amp#27;[0m      &amp#27;[32m&amp#27;[1m│&amp#27;[0m
&amp#27;[32m&amp#27;[1m│&amp#27;[0m                                                                                   &amp#27;[32m&amp#27;[1m│&amp#27;[0m
&amp#27;[32m&amp#27;[1m│&amp#27;[0m Disable this message with one of the following:                                   &amp#27;[32m&amp#27;[1m│&amp#27;[0m
&amp#27;[32m&amp#27;[1m│&amp#27;[0m                                                                                   &amp#27;[32m&amp#27;[1m│&amp#27;[0m
&amp#27;[32m&amp#27;[1m│&amp#27;[0m src/test/resources/cucumber.properties:          &amp#27;[36mcucumber.publish.quiet&amp#27;[0m=&amp#27;[36mtrue&amp#27;[0m      &amp#27;[32m&amp#27;[1m│&amp#27;[0m
&amp#27;[32m&amp#27;[1m│&amp#27;[0m src/test/resources/junit-platform.properties:    &amp#27;[36mcucumber.publish.quiet&amp#27;[0m=&amp#27;[36mtrue&amp#27;[0m      &amp#27;[32m&amp#27;[1m│&amp#27;[0m
&amp#27;[32m&amp#27;[1m└───────────────────────────────────────────────────────────────────────────────────┘&amp#27;[0m
]]></system-err>
  </testcase>
  <testcase name="runScenario[&quot;Check item total cost and tax&quot;, &quot;Optional[Checkout items in the basket]&quot;](1)" classname="qumu.runners.UIRunner" time="2.251">
    <system-err><![CDATA[&amp#27;[32m&amp#27;[1m┌───────────────────────────────────────────────────────────────────────────────────┐&amp#27;[0m
&amp#27;[32m&amp#27;[1m│&amp#27;[0m Share your Cucumber Report with your team at &amp#27;[36m&amp#27;[1m&amp#27;[4mhttps://reports.cucumber.io&amp#27;[0m          &amp#27;[32m&amp#27;[1m│&amp#27;[0m
&amp#27;[32m&amp#27;[1m│&amp#27;[0m Activate publishing with one of the following:                                    &amp#27;[32m&amp#27;[1m│&amp#27;[0m
&amp#27;[32m&amp#27;[1m│&amp#27;[0m                                                                                   &amp#27;[32m&amp#27;[1m│&amp#27;[0m
&amp#27;[32m&amp#27;[1m│&amp#27;[0m src/test/resources/cucumber.properties:          &amp#27;[36mcucumber.publish.enabled&amp#27;[0m=&amp#27;[36mtrue&amp#27;[0m    &amp#27;[32m&amp#27;[1m│&amp#27;[0m
&amp#27;[32m&amp#27;[1m│&amp#27;[0m src/test/resources/junit-platform.properties:    &amp#27;[36mcucumber.publish.enabled&amp#27;[0m=&amp#27;[36mtrue&amp#27;[0m    &amp#27;[32m&amp#27;[1m│&amp#27;[0m
&amp#27;[32m&amp#27;[1m│&amp#27;[0m Environment variable:                            &amp#27;[36mCUCUMBER_PUBLISH_ENABLED&amp#27;[0m=&amp#27;[36mtrue&amp#27;[0m    &amp#27;[32m&amp#27;[1m│&amp#27;[0m
&amp#27;[32m&amp#27;[1m│&amp#27;[0m JUnit:                                           &amp#27;[36m@CucumberOptions&amp#27;[0m(publish = &amp#27;[36mtrue&amp#27;[0m) &amp#27;[32m&amp#27;[1m│&amp#27;[0m
&amp#27;[32m&amp#27;[1m│&amp#27;[0m                                                                                   &amp#27;[32m&amp#27;[1m│&amp#27;[0m
&amp#27;[32m&amp#27;[1m│&amp#27;[0m More information at &amp#27;[36mhttps://cucumber.io/docs/cucumber/environment-variables/&amp#27;[0m      &amp#27;[32m&amp#27;[1m│&amp#27;[0m
&amp#27;[32m&amp#27;[1m│&amp#27;[0m                                                                                   &amp#27;[32m&amp#27;[1m│&amp#27;[0m
&amp#27;[32m&amp#27;[1m│&amp#27;[0m Disable this message with one of the following:                                   &amp#27;[32m&amp#27;[1m│&amp#27;[0m
&amp#27;[32m&amp#27;[1m│&amp#27;[0m                                                                                   &amp#27;[32m&amp#27;[1m│&amp#27;[0m
&amp#27;[32m&amp#27;[1m│&amp#27;[0m src/test/resources/cucumber.properties:          &amp#27;[36mcucumber.publish.quiet&amp#27;[0m=&amp#27;[36mtrue&amp#27;[0m      &amp#27;[32m&amp#27;[1m│&amp#27;[0m
&amp#27;[32m&amp#27;[1m│&amp#27;[0m src/test/resources/junit-platform.properties:    &amp#27;[36mcucumber.publish.quiet&amp#27;[0m=&amp#27;[36mtrue&amp#27;[0m      &amp#27;[32m&amp#27;[1m│&amp#27;[0m
&amp#27;[32m&amp#27;[1m└───────────────────────────────────────────────────────────────────────────────────┘&amp#27;[0m
]]></system-err>
  </testcase>
</testsuite>