<?xml version="1.0" encoding="UTF-8"?>
<testng-results ignored="0" total="8" passed="8" failed="0" skipped="0">
  <reporter-output>
  </reporter-output>
  <suite started-at="2025-02-26T10:54:39 IST" name="QA Automation" finished-at="2025-02-26T10:54:49 IST" duration-ms="10032">
    <groups>
      <group name="cucumber">
        <method signature="AbstractTestNGCucumberTests.runScenario(io.cucumber.testng.PickleWrapper, io.cucumber.testng.FeatureWrapper)[pri:0, instance:qumu.runners.APIRunner@769e7ee8]" name="runScenario" class="io.cucumber.testng.AbstractTestNGCucumberTests"/>
        <method signature="AbstractTestNGCucumberTests.runScenario(io.cucumber.testng.PickleWrapper, io.cucumber.testng.FeatureWrapper)[pri:0, instance:qumu.runners.UIRunner@5c909414]" name="runScenario" class="io.cucumber.testng.AbstractTestNGCucumberTests"/>
        <method signature="AbstractTestNGCucumberTests.runScenario(io.cucumber.testng.PickleWrapper, io.cucumber.testng.FeatureWrapper)[pri:0, instance:qumu.runners.UIRunner@2ea227af]" name="runScenario" class="io.cucumber.testng.AbstractTestNGCucumberTests"/>
        <method signature="AbstractTestNGCucumberTests.runScenario(io.cucumber.testng.PickleWrapper, io.cucumber.testng.FeatureWrapper)[pri:0, instance:qumu.runners.UIRunner@7f552bd3]" name="runScenario" class="io.cucumber.testng.AbstractTestNGCucumberTests"/>
        <method signature="AbstractTestNGCucumberTests.runScenario(io.cucumber.testng.PickleWrapper, io.cucumber.testng.FeatureWrapper)[pri:0, instance:qumu.runners.UIRunner@149e0f5d]" name="runScenario" class="io.cucumber.testng.AbstractTestNGCucumberTests"/>
      </group> <!-- cucumber -->
    </groups>
    <test started-at="2025-02-26T10:54:39 IST" name="APITests" finished-at="2025-02-26T10:54:49 IST" duration-ms="10032">
      <class name="qumu.runners.APIRunner">
        <test-method is-config="true" signature="setUpClass()[pri:0, instance:qumu.runners.APIRunner@769e7ee8]" started-at="2025-02-26T10:54:39 IST" name="setUpClass" finished-at="2025-02-26T10:54:39 IST" duration-ms="375" status="PASS">
          <reporter-output>
          </reporter-output>
        </test-method> <!-- setUpClass -->
        <test-method signature="runScenario(io.cucumber.testng.PickleWrapper, io.cucumber.testng.FeatureWrapper)[pri:0, instance:qumu.runners.APIRunner@769e7ee8]" started-at="2025-02-26T10:54:39 IST" name="runScenario" description="Runs Cucumber Scenarios" data-provider="scenarios" finished-at="2025-02-26T10:54:43 IST" duration-ms="4331" status="PASS">
          <params>
            <param index="0">
              <value>
                <![CDATA["Should see LIST USERS of all existing users"]]>
              </value>
            </param>
            <param index="1">
              <value>
                <![CDATA["Optional[API test]"]]>
              </value>
            </param>
          </params>
          <reporter-output>
          </reporter-output>
        </test-method> <!-- runScenario -->
        <test-method signature="runScenario(io.cucumber.testng.PickleWrapper, io.cucumber.testng.FeatureWrapper)[pri:0, instance:qumu.runners.APIRunner@769e7ee8]" started-at="2025-02-26T10:54:43 IST" name="runScenario" description="Runs Cucumber Scenarios" data-provider="scenarios" finished-at="2025-02-26T10:54:44 IST" duration-ms="148" status="PASS">
          <params>
            <param index="0">
              <value>
                <![CDATA["Should see SINGLE USER data"]]>
              </value>
            </param>
            <param index="1">
              <value>
                <![CDATA["Optional[API test]"]]>
              </value>
            </param>
          </params>
          <reporter-output>
          </reporter-output>
        </test-method> <!-- runScenario -->
        <test-method signature="runScenario(io.cucumber.testng.PickleWrapper, io.cucumber.testng.FeatureWrapper)[pri:0, instance:qumu.runners.APIRunner@769e7ee8]" started-at="2025-02-26T10:54:44 IST" name="runScenario" description="Runs Cucumber Scenarios" data-provider="scenarios" finished-at="2025-02-26T10:54:44 IST" duration-ms="86" status="PASS">
          <params>
            <param index="0">
              <value>
                <![CDATA["Should see SINGLE USER NOT FOUND error code"]]>
              </value>
            </param>
            <param index="1">
              <value>
                <![CDATA["Optional[API test]"]]>
              </value>
            </param>
          </params>
          <reporter-output>
          </reporter-output>
        </test-method> <!-- runScenario -->
        <test-method signature="runScenario(io.cucumber.testng.PickleWrapper, io.cucumber.testng.FeatureWrapper)[pri:0, instance:qumu.runners.APIRunner@769e7ee8]" started-at="2025-02-26T10:54:44 IST" name="runScenario" description="Runs Cucumber Scenarios" data-provider="scenarios" finished-at="2025-02-26T10:54:44 IST" duration-ms="436" status="PASS">
          <params>
            <param index="0">
              <value>
                <![CDATA["CREATE a user"]]>
              </value>
            </param>
            <param index="1">
              <value>
                <![CDATA["Optional[API test]"]]>
              </value>
            </param>
          </params>
          <reporter-output>
          </reporter-output>
        </test-method> <!-- runScenario -->
        <test-method signature="runScenario(io.cucumber.testng.PickleWrapper, io.cucumber.testng.FeatureWrapper)[pri:0, instance:qumu.runners.APIRunner@769e7ee8]" started-at="2025-02-26T10:54:44 IST" name="runScenario" description="Runs Cucumber Scenarios" data-provider="scenarios" finished-at="2025-02-26T10:54:44 IST" duration-ms="442" status="PASS">
          <params>
            <param index="0">
              <value>
                <![CDATA["CREATE a user"]]>
              </value>
            </param>
            <param index="1">
              <value>
                <![CDATA["Optional[API test]"]]>
              </value>
            </param>
          </params>
          <reporter-output>
          </reporter-output>
        </test-method> <!-- runScenario -->
        <test-method signature="runScenario(io.cucumber.testng.PickleWrapper, io.cucumber.testng.FeatureWrapper)[pri:0, instance:qumu.runners.APIRunner@769e7ee8]" started-at="2025-02-26T10:54:44 IST" name="runScenario" description="Runs Cucumber Scenarios" data-provider="scenarios" finished-at="2025-02-26T10:54:45 IST" duration-ms="381" status="PASS">
          <params>
            <param index="0">
              <value>
                <![CDATA["LOGIN - SUCCESSFUL by a user"]]>
              </value>
            </param>
            <param index="1">
              <value>
                <![CDATA["Optional[API test]"]]>
              </value>
            </param>
          </params>
          <reporter-output>
          </reporter-output>
        </test-method> <!-- runScenario -->
        <test-method signature="runScenario(io.cucumber.testng.PickleWrapper, io.cucumber.testng.FeatureWrapper)[pri:0, instance:qumu.runners.APIRunner@769e7ee8]" started-at="2025-02-26T10:54:45 IST" name="runScenario" description="Runs Cucumber Scenarios" data-provider="scenarios" finished-at="2025-02-26T10:54:45 IST" duration-ms="391" status="PASS">
          <params>
            <param index="0">
              <value>
                <![CDATA["LOGIN - UNSUCCESSFUL by a user"]]>
              </value>
            </param>
            <param index="1">
              <value>
                <![CDATA["Optional[API test]"]]>
              </value>
            </param>
          </params>
          <reporter-output>
          </reporter-output>
        </test-method> <!-- runScenario -->
        <test-method signature="runScenario(io.cucumber.testng.PickleWrapper, io.cucumber.testng.FeatureWrapper)[pri:0, instance:qumu.runners.APIRunner@769e7ee8]" started-at="2025-02-26T10:54:45 IST" name="runScenario" description="Runs Cucumber Scenarios" data-provider="scenarios" finished-at="2025-02-26T10:54:49 IST" duration-ms="3388" status="PASS">
          <params>
            <param index="0">
              <value>
                <![CDATA["Should see the list of users with DELAYED RESPONSE"]]>
              </value>
            </param>
            <param index="1">
              <value>
                <![CDATA["Optional[API test]"]]>
              </value>
            </param>
          </params>
          <reporter-output>
          </reporter-output>
        </test-method> <!-- runScenario -->
        <test-method is-config="true" signature="tearDownClass()[pri:0, instance:qumu.runners.APIRunner@769e7ee8]" started-at="2025-02-26T10:54:49 IST" name="tearDownClass" finished-at="2025-02-26T10:54:49 IST" duration-ms="25" status="PASS">
          <reporter-output>
          </reporter-output>
        </test-method> <!-- tearDownClass -->
      </class> <!-- qumu.runners.APIRunner -->
    </test> <!-- APITests -->
  </suite> <!-- QA Automation -->
</testng-results>
