<?xml version="1.0" encoding="UTF-8"?><testng-results failed="0" passed="1" skipped="0" total="1">
<suite duration-ms="9823" name="io.cucumber.core.plugin.TestNGFormatter">
<test duration-ms="9823" name="io.cucumber.core.plugin.TestNGFormatter">
<class name="Checkout items in the basket">
<test-method duration-ms="9578" finished-at="2025-02-26T01:49:22.661Z" name="Check item total cost and tax" started-at="2025-02-26T01:49:13.071Z" status="PASS"/>
</class>
</test>
</suite>
</testng-results>
01:49:14.930Z" name="Should see SINGLE USER data" started-at="2025-02-26T01:49:14.854Z" status="PASS"/>
<test-method duration-ms="329" finished-at="2025-02-26T01:49:15.265Z" name="Should see SINGLE USER NOT FOUND error code" started-at="2025-02-26T01:49:14.935Z" status="PASS"/>
<test-method duration-ms="641" finished-at="2025-02-26T01:49:15.912Z" name="CREATE a user" started-at="2025-02-26T01:49:15.269Z" status="PASS"/>
<test-method duration-ms="405" finished-at="2025-02-26T01:49:16.324Z" name="CREATE a user_2" started-at="2025-02-26T01:49:15.917Z" status="PASS"/>
<test-method duration-ms="343" finished-at="2025-02-26T01:49:16.674Z" name="LOGIN - SUCCESSFUL by a user" started-at="2025-02-26T01:49:16.329Z" status="PASS"/>
<test-method duration-ms="358" finished-at="2025-02-26T01:49:17.039Z" name="LOGIN - UNSUCCESSFUL by a user" started-at="2025-02-26T01:49:16.679Z" status="PASS"/>
<test-method duration-ms="3627" finished-at="2025-02-26T01:49:20.672Z" name="Should see the list of users with DELAYED RESPONSE" started-at="2025-02-26T01:49:17.042Z" status="PASS"/>
</class>
</test>
</suite>
</testng-results>
